<?xml version="1.0" encoding="UTF-8" ?>
<testsuite tests="13" failures="13" name="ec.edu.ups.modelo.CitaMedicaNGTest" time="1.404" errors="0" skipped="0">
  <properties>
    <property name="java.runtime.name" value="Java(TM) SE Runtime Environment"/>
    <property name="sun.boot.library.path" value="/Library/Java/JavaVirtualMachines/jdk1.8.0_111.jdk/Contents/Home/jre/lib"/>
    <property name="java.vm.version" value="25.111-b14"/>
    <property name="user.country.format" value="EC"/>
    <property name="gopherProxySet" value="false"/>
    <property name="java.vm.vendor" value="Oracle Corporation"/>
    <property name="java.vendor.url" value="http://java.oracle.com/"/>
    <property name="path.separator" value=":"/>
    <property name="guice.disable.misplaced.annotation.check" value="true"/>
    <property name="java.vm.name" value="Java HotSpot(TM) 64-Bit Server VM"/>
    <property name="file.encoding.pkg" value="sun.io"/>
    <property name="user.country" value="ES"/>
    <property name="sun.java.launcher" value="SUN_STANDARD"/>
    <property name="sun.os.patch.level" value="unknown"/>
    <property name="test" value="ec.edu.ups.modelo.CitaMedicaNGTest"/>
    <property name="java.vm.specification.name" value="Java Virtual Machine Specification"/>
    <property name="user.dir" value="/Users/diego/Diego Personal/Universidad /8vo Ciclo/Ing del software/CitasMedicas/CitasMedicas/CitasMedicas"/>
    <property name="java.runtime.version" value="1.8.0_111-b14"/>
    <property name="java.awt.graphicsenv" value="sun.awt.CGraphicsEnvironment"/>
    <property name="java.endorsed.dirs" value="/Library/Java/JavaVirtualMachines/jdk1.8.0_111.jdk/Contents/Home/jre/lib/endorsed"/>
    <property name="os.arch" value="x86_64"/>
    <property name="java.io.tmpdir" value="/var/folders/t8/l8wr76ns2n131q8xyzpl6l2c0000gn/T/"/>
    <property name="line.separator" value="
"/>
    <property name="java.vm.specification.vendor" value="Oracle Corporation"/>
    <property name="os.name" value="Mac OS X"/>
    <property name="maven.ext.class.path" value="/Applications/NetBeans/NetBeans 8.2.app/Contents/Resources/NetBeans/java/maven-nblib/netbeans-eventspy.jar"/>
    <property name="classworlds.conf" value="/Applications/NetBeans/NetBeans 8.2.app/Contents/Resources/NetBeans/java/maven/bin/m2.conf"/>
    <property name="sun.jnu.encoding" value="UTF-8"/>
    <property name="java.library.path" value="/Users/diego/Library/Java/Extensions:/Library/Java/Extensions:/Network/Library/Java/Extensions:/System/Library/Java/Extensions:/usr/lib/java:."/>
    <property name="java.specification.name" value="Java Platform API Specification"/>
    <property name="java.class.version" value="52.0"/>
    <property name="sun.management.compiler" value="HotSpot 64-Bit Tiered Compilers"/>
    <property name="os.version" value="10.14.6"/>
    <property name="http.nonProxyHosts" value="local|*.local|169.254/16|*.169.254/16"/>
    <property name="user.home" value="/Users/diego"/>
    <property name="user.timezone" value="America/Guayaquil"/>
    <property name="java.awt.printerjob" value="sun.lwawt.macosx.CPrinterJob"/>
    <property name="java.specification.version" value="1.8"/>
    <property name="file.encoding" value="UTF-8"/>
    <property name="user.name" value="diego"/>
    <property name="java.class.path" value="/Applications/NetBeans/NetBeans 8.2.app/Contents/Resources/NetBeans/java/maven/boot/plexus-classworlds-2.4.jar"/>
    <property name="java.vm.specification.version" value="1.8"/>
    <property name="sun.arch.data.model" value="64"/>
    <property name="java.home" value="/Library/Java/JavaVirtualMachines/jdk1.8.0_111.jdk/Contents/Home/jre"/>
    <property name="sun.java.command" value="org.codehaus.plexus.classworlds.launcher.Launcher -Dtest=ec.edu.ups.modelo.CitaMedicaNGTest -Dmaven.ext.class.path=/Applications/NetBeans/NetBeans 8.2.app/Contents/Resources/NetBeans/java/maven-nblib/netbeans-eventspy.jar surefire:test"/>
    <property name="java.specification.vendor" value="Oracle Corporation"/>
    <property name="user.language" value="es"/>
    <property name="awt.toolkit" value="sun.lwawt.macosx.LWCToolkit"/>
    <property name="java.vm.info" value="mixed mode"/>
    <property name="java.version" value="1.8.0_111"/>
    <property name="java.ext.dirs" value="/Users/diego/Library/Java/Extensions:/Library/Java/JavaVirtualMachines/jdk1.8.0_111.jdk/Contents/Home/jre/lib/ext:/Library/Java/Extensions:/Network/Library/Java/Extensions:/System/Library/Java/Extensions:/usr/lib/java"/>
    <property name="sun.boot.class.path" value="/Library/Java/JavaVirtualMachines/jdk1.8.0_111.jdk/Contents/Home/jre/lib/resources.jar:/Library/Java/JavaVirtualMachines/jdk1.8.0_111.jdk/Contents/Home/jre/lib/rt.jar:/Library/Java/JavaVirtualMachines/jdk1.8.0_111.jdk/Contents/Home/jre/lib/sunrsasign.jar:/Library/Java/JavaVirtualMachines/jdk1.8.0_111.jdk/Contents/Home/jre/lib/jsse.jar:/Library/Java/JavaVirtualMachines/jdk1.8.0_111.jdk/Contents/Home/jre/lib/jce.jar:/Library/Java/JavaVirtualMachines/jdk1.8.0_111.jdk/Contents/Home/jre/lib/charsets.jar:/Library/Java/JavaVirtualMachines/jdk1.8.0_111.jdk/Contents/Home/jre/lib/jfr.jar:/Library/Java/JavaVirtualMachines/jdk1.8.0_111.jdk/Contents/Home/jre/classes"/>
    <property name="java.vendor" value="Oracle Corporation"/>
    <property name="maven.home" value="/Applications/NetBeans/NetBeans 8.2.app/Contents/Resources/NetBeans/java/maven"/>
    <property name="file.separator" value="/"/>
    <property name="java.vendor.url.bug" value="http://bugreport.sun.com/bugreport/"/>
    <property name="sun.cpu.endian" value="little"/>
    <property name="sun.io.unicode.encoding" value="UnicodeBig"/>
    <property name="socksNonProxyHosts" value="local|*.local|169.254/16|*.169.254/16"/>
    <property name="ftp.nonProxyHosts" value="local|*.local|169.254/16|*.169.254/16"/>
    <property name="sun.cpu.isalist" value=""/>
  </properties>
  <testcase classname="ec.edu.ups.modelo.CitaMedicaNGTest" name="testGetCita_fecha" time="0.012">
    <failure type="java.lang.NullPointerException">java.lang.NullPointerException
	at ec.edu.ups.modelo.CitaMedicaNGTest.testGetCita_fecha(CitaMedicaNGTest.java:72)
</failure>
    <system-out>getCita_fecha
</system-out>
  </testcase>
  <testcase classname="ec.edu.ups.modelo.CitaMedicaNGTest" name="testGetCita_hora" time="0.001">
    <failure type="java.lang.NullPointerException">java.lang.NullPointerException
	at ec.edu.ups.modelo.CitaMedicaNGTest.testGetCita_hora(CitaMedicaNGTest.java:99)
</failure>
    <system-out>getCita_hora
</system-out>
  </testcase>
  <testcase classname="ec.edu.ups.modelo.CitaMedicaNGTest" name="testGetCita_id" time="0">
    <failure type="java.lang.NullPointerException">java.lang.NullPointerException
	at ec.edu.ups.modelo.CitaMedicaNGTest.testGetCita_id(CitaMedicaNGTest.java:45)
</failure>
    <system-out>getCita_id
</system-out>
  </testcase>
  <testcase classname="ec.edu.ups.modelo.CitaMedicaNGTest" name="testGetCita_motivo" time="0">
    <failure type="java.lang.NullPointerException">java.lang.NullPointerException
	at ec.edu.ups.modelo.CitaMedicaNGTest.testGetCita_motivo(CitaMedicaNGTest.java:126)
</failure>
    <system-out>getCita_motivo
</system-out>
  </testcase>
  <testcase classname="ec.edu.ups.modelo.CitaMedicaNGTest" name="testGetMedico" time="0.006">
    <failure type="java.lang.NullPointerException">java.lang.NullPointerException
	at ec.edu.ups.modelo.CitaMedicaNGTest.testGetMedico(CitaMedicaNGTest.java:153)
</failure>
    <system-out>getMedico
</system-out>
  </testcase>
  <testcase classname="ec.edu.ups.modelo.CitaMedicaNGTest" name="testGetPaciente" time="0.002">
    <failure type="java.lang.NullPointerException">java.lang.NullPointerException
	at ec.edu.ups.modelo.CitaMedicaNGTest.testGetPaciente(CitaMedicaNGTest.java:180)
</failure>
    <system-out>getPaciente
</system-out>
  </testcase>
  <testcase classname="ec.edu.ups.modelo.CitaMedicaNGTest" name="testSetCita_fecha" time="0.003">
    <failure type="java.lang.NullPointerException">java.lang.NullPointerException
	at ec.edu.ups.modelo.CitaMedicaNGTest.testSetCita_fecha(CitaMedicaNGTest.java:86)
</failure>
    <system-out>setCita_fecha
</system-out>
  </testcase>
  <testcase classname="ec.edu.ups.modelo.CitaMedicaNGTest" name="testSetCita_hora" time="0.001">
    <failure type="java.lang.NullPointerException">java.lang.NullPointerException
	at ec.edu.ups.modelo.CitaMedicaNGTest.testSetCita_hora(CitaMedicaNGTest.java:113)
</failure>
    <system-out>setCita_hora
</system-out>
  </testcase>
  <testcase classname="ec.edu.ups.modelo.CitaMedicaNGTest" name="testSetCita_id" time="0.002">
    <failure type="java.lang.NullPointerException">java.lang.NullPointerException
	at ec.edu.ups.modelo.CitaMedicaNGTest.testSetCita_id(CitaMedicaNGTest.java:59)
</failure>
    <system-out>setCita_id
</system-out>
  </testcase>
  <testcase classname="ec.edu.ups.modelo.CitaMedicaNGTest" name="testSetCita_motivo" time="0.001">
    <failure type="java.lang.NullPointerException">java.lang.NullPointerException
	at ec.edu.ups.modelo.CitaMedicaNGTest.testSetCita_motivo(CitaMedicaNGTest.java:140)
</failure>
    <system-out>setCita_motivo
</system-out>
  </testcase>
  <testcase classname="ec.edu.ups.modelo.CitaMedicaNGTest" name="testSetMedico" time="0">
    <failure type="java.lang.NullPointerException">java.lang.NullPointerException
	at ec.edu.ups.modelo.CitaMedicaNGTest.testSetMedico(CitaMedicaNGTest.java:167)
</failure>
    <system-out>setMedico
</system-out>
  </testcase>
  <testcase classname="ec.edu.ups.modelo.CitaMedicaNGTest" name="testSetPaciente" time="0.01">
    <failure type="java.lang.NullPointerException">java.lang.NullPointerException
	at ec.edu.ups.modelo.CitaMedicaNGTest.testSetPaciente(CitaMedicaNGTest.java:194)
</failure>
    <system-out>setPaciente
</system-out>
  </testcase>
  <testcase classname="ec.edu.ups.modelo.CitaMedicaNGTest" name="testToString" time="0.002">
    <failure type="java.lang.NullPointerException">java.lang.NullPointerException
	at ec.edu.ups.modelo.CitaMedicaNGTest.testToString(CitaMedicaNGTest.java:207)
</failure>
    <system-out>toString
</system-out>
  </testcase>
</testsuite>